Performing C SOURCE FILE Test CMAKE_HAVE_LIBC_PTHREAD failed with the following output:
Change Dir: /home/ubuntu/myagv_ros/build/CMakeFiles/CMakeTmp

Run Build Command(s):/usr/bin/make cmTC_39256/fast && /usr/bin/make  -f CMakeFiles/cmTC_39256.dir/build.make CMakeFiles/cmTC_39256.dir/build
make[1]: 进入目录“/home/ubuntu/myagv_ros/build/CMakeFiles/CMakeTmp”
Building C object CMakeFiles/cmTC_39256.dir/src.c.o
/usr/bin/cc -DCMAKE_HAVE_LIBC_PTHREAD   -o CMakeFiles/cmTC_39256.dir/src.c.o -c /home/ubuntu/myagv_ros/build/CMakeFiles/CMakeTmp/src.c
Linking C executable cmTC_39256
/home/ubuntu/cmake-3.19.8-Linux-aarch64/bin/cmake -E cmake_link_script CMakeFiles/cmTC_39256.dir/link.txt --verbose=1
/usr/bin/cc -rdynamic CMakeFiles/cmTC_39256.dir/src.c.o -o cmTC_39256 
CMakeFiles/cmTC_39256.dir/src.c.o：在函数‘main’中：
src.c:(.text+0x48)：对‘pthread_create’未定义的引用
src.c:(.text+0x50)：对‘pthread_detach’未定义的引用
src.c:(.text+0x58)：对‘pthread_cancel’未定义的引用
src.c:(.text+0x64)：对‘pthread_join’未定义的引用
src.c:(.text+0x74)：对‘pthread_atfork’未定义的引用
collect2: error: ld returned 1 exit status
CMakeFiles/cmTC_39256.dir/build.make:105: recipe for target 'cmTC_39256' failed
make[1]: *** [cmTC_39256] Error 1
make[1]: 离开目录“/home/ubuntu/myagv_ros/build/CMakeFiles/CMakeTmp”
Makefile:140: recipe for target 'cmTC_39256/fast' failed
make: *** [cmTC_39256/fast] Error 2


Source file was:
#include <pthread.h>

static void* test_func(void* data)
{
  return data;
}

int main(void)
{
  pthread_t thread;
  pthread_create(&thread, NULL, test_func, NULL);
  pthread_detach(thread);
  pthread_cancel(thread);
  pthread_join(thread, NULL);
  pthread_atfork(NULL, NULL, NULL);
  pthread_exit(NULL);

  return 0;
}

Determining if the function pthread_create exists in the pthreads failed with the following output:
Change Dir: /home/ubuntu/myagv_ros/build/CMakeFiles/CMakeTmp

Run Build Command(s):/usr/bin/make cmTC_88788/fast && /usr/bin/make  -f CMakeFiles/cmTC_88788.dir/build.make CMakeFiles/cmTC_88788.dir/build
make[1]: 进入目录“/home/ubuntu/myagv_ros/build/CMakeFiles/CMakeTmp”
Building C object CMakeFiles/cmTC_88788.dir/CheckFunctionExists.c.o
/usr/bin/cc   -DCHECK_FUNCTION_EXISTS=pthread_create -o CMakeFiles/cmTC_88788.dir/CheckFunctionExists.c.o -c /home/ubuntu/cmake-3.19.8-Linux-aarch64/share/cmake-3.19/Modules/CheckFunctionExists.c
Linking C executable cmTC_88788
/home/ubuntu/cmake-3.19.8-Linux-aarch64/bin/cmake -E cmake_link_script CMakeFiles/cmTC_88788.dir/link.txt --verbose=1
/usr/bin/cc  -DCHECK_FUNCTION_EXISTS=pthread_create -rdynamic CMakeFiles/cmTC_88788.dir/CheckFunctionExists.c.o -o cmTC_88788  -lpthreads 
/usr/bin/ld: 找不到 -lpthreads
collect2: error: ld returned 1 exit status
CMakeFiles/cmTC_88788.dir/build.make:105: recipe for target 'cmTC_88788' failed
make[1]: *** [cmTC_88788] Error 1
make[1]: 离开目录“/home/ubuntu/myagv_ros/build/CMakeFiles/CMakeTmp”
Makefile:140: recipe for target 'cmTC_88788/fast' failed
make: *** [cmTC_88788/fast] Error 2



